Performing C SOURCE FILE Test CMAKE_HAVE_LIBC_PTHREAD failed with the following output:
Change Dir: /home/efortls/Documents/acs words 2 final/acs_words_2_final/cmake-build-debug/CMakeFiles/CMakeTmp

Run Build Command(s):/usr/bin/make cmTC_460d6/fast && /usr/bin/make -f CMakeFiles/cmTC_460d6.dir/build.make CMakeFiles/cmTC_460d6.dir/build
make[1]: Entering directory '/home/efortls/Documents/acs words 2 final/acs_words_2_final/cmake-build-debug/CMakeFiles/CMakeTmp'
Building C object CMakeFiles/cmTC_460d6.dir/src.c.o
/usr/bin/cc   -DCMAKE_HAVE_LIBC_PTHREAD   -o CMakeFiles/cmTC_460d6.dir/src.c.o   -c "/home/efortls/Documents/acs words 2 final/acs_words_2_final/cmake-build-debug/CMakeFiles/CMakeTmp/src.c"
Linking C executable cmTC_460d6
/snap/clion/112/bin/cmake/linux/bin/cmake -E cmake_link_script CMakeFiles/cmTC_460d6.dir/link.txt --verbose=1
/usr/bin/cc  -DCMAKE_HAVE_LIBC_PTHREAD    CMakeFiles/cmTC_460d6.dir/src.c.o  -o cmTC_460d6 
CMakeFiles/cmTC_460d6.dir/src.c.o: In function `main':
src.c:(.text+0x3e): undefined reference to `pthread_create'
src.c:(.text+0x4a): undefined reference to `pthread_detach'
src.c:(.text+0x5b): undefined reference to `pthread_join'
src.c:(.text+0x6f): undefined reference to `pthread_atfork'
collect2: error: ld returned 1 exit status
CMakeFiles/cmTC_460d6.dir/build.make:86: recipe for target 'cmTC_460d6' failed
make[1]: *** [cmTC_460d6] Error 1
make[1]: Leaving directory '/home/efortls/Documents/acs words 2 final/acs_words_2_final/cmake-build-debug/CMakeFiles/CMakeTmp'
Makefile:121: recipe for target 'cmTC_460d6/fast' failed
make: *** [cmTC_460d6/fast] Error 2


Source file was:
#include <pthread.h>

void* test_func(void* data)
{
  return data;
}

int main(void)
{
  pthread_t thread;
  pthread_create(&thread, NULL, test_func, NULL);
  pthread_detach(thread);
  pthread_join(thread, NULL);
  pthread_atfork(NULL, NULL, NULL);
  pthread_exit(NULL);

  return 0;
}

Determining if the function pthread_create exists in the pthreads failed with the following output:
Change Dir: /home/efortls/Documents/acs words 2 final/acs_words_2_final/cmake-build-debug/CMakeFiles/CMakeTmp

Run Build Command(s):/usr/bin/make cmTC_1402e/fast && /usr/bin/make -f CMakeFiles/cmTC_1402e.dir/build.make CMakeFiles/cmTC_1402e.dir/build
make[1]: Entering directory '/home/efortls/Documents/acs words 2 final/acs_words_2_final/cmake-build-debug/CMakeFiles/CMakeTmp'
Building C object CMakeFiles/cmTC_1402e.dir/CheckFunctionExists.c.o
/usr/bin/cc   -DCHECK_FUNCTION_EXISTS=pthread_create   -o CMakeFiles/cmTC_1402e.dir/CheckFunctionExists.c.o   -c /snap/clion/112/bin/cmake/linux/share/cmake-3.16/Modules/CheckFunctionExists.c
Linking C executable cmTC_1402e
/snap/clion/112/bin/cmake/linux/bin/cmake -E cmake_link_script CMakeFiles/cmTC_1402e.dir/link.txt --verbose=1
/usr/bin/cc  -DCHECK_FUNCTION_EXISTS=pthread_create    CMakeFiles/cmTC_1402e.dir/CheckFunctionExists.c.o  -o cmTC_1402e  -lpthreads 
/usr/bin/ld: cannot find -lpthreads
collect2: error: ld returned 1 exit status
CMakeFiles/cmTC_1402e.dir/build.make:86: recipe for target 'cmTC_1402e' failed
make[1]: *** [cmTC_1402e] Error 1
make[1]: Leaving directory '/home/efortls/Documents/acs words 2 final/acs_words_2_final/cmake-build-debug/CMakeFiles/CMakeTmp'
Makefile:121: recipe for target 'cmTC_1402e/fast' failed
make: *** [cmTC_1402e/fast] Error 2



