==2906== drd, a thread error detector
==2906== Copyright (C) 2006-2017, and GNU GPL'd, by Bart Van Assche.
==2906== Using Valgrind-3.15.0-608cb11914-20190413 and LibVEX; rerun with -h for copyright info
==2906== Command: ./a.out
==2906== Parent PID: 2502
==2906== 
--2906-- 
--2906-- Valgrind options:
--2906--    --tool=drd
--2906--    -v
--2906--    --log-file=drd.log
--2906-- Contents of /proc/version:
--2906--   Linux version 5.3.0-51-generic (buildd@lgw01-amd64-018) (gcc version 7.5.0 (Ubuntu 7.5.0-3ubuntu1~18.04)) #44~18.04.2-Ubuntu SMP Thu Apr 23 14:27:18 UTC 2020
--2906-- 
--2906-- Arch and hwcaps: AMD64, LittleEndian, amd64-cx16-lzcnt-rdtscp-sse3-ssse3-avx-avx2-bmi-f16c-rdrand
--2906-- Page sizes: currently 4096, max supported 4096
--2906-- Valgrind library directory: /usr/local/lib/valgrind
--2906-- Reading syms from /home/effortless/CLionProjects/acs tbb/burda_acs_words_2/acs_words_2/a.out
--2906-- Reading syms from /lib/x86_64-linux-gnu/ld-2.27.so
--2906--   Considering /lib/x86_64-linux-gnu/ld-2.27.so ..
--2906--   .. CRC mismatch (computed 1b7c895e wanted 2943108a)
--2906--   Considering /usr/lib/debug/lib/x86_64-linux-gnu/ld-2.27.so ..
--2906--   .. CRC is valid
--2906-- Reading syms from /usr/local/lib/valgrind/drd-amd64-linux
--2906--    object doesn't have a dynamic symbol table
--2906-- Scheduler: using generic scheduler lock implementation.
--2906-- Reading suppressions file: /usr/local/lib/valgrind/default.supp
==2906== embedded gdbserver: reading from /tmp/vgdb-pipe-from-vgdb-to-2906-by-effortless-on-???
==2906== embedded gdbserver: writing to   /tmp/vgdb-pipe-to-vgdb-from-2906-by-effortless-on-???
==2906== embedded gdbserver: shared mem   /tmp/vgdb-pipe-shared-mem-vgdb-2906-by-effortless-on-???
==2906== 
==2906== TO CONTROL THIS PROCESS USING vgdb (which you probably
==2906== don't want to do, unless you know exactly what you're doing,
==2906== or are doing some strange experiment):
==2906==   /usr/local/lib/valgrind/../../bin/vgdb --pid=2906 ...command...
==2906== 
==2906== TO DEBUG THIS PROCESS USING GDB: start GDB like this
==2906==   /path/to/gdb ./a.out
==2906== and then give GDB the following command
==2906==   target remote | /usr/local/lib/valgrind/../../bin/vgdb --pid=2906
==2906== --pid is optional if only one valgrind process is running
==2906== 
--2906-- Reading syms from /usr/local/lib/valgrind/vgpreload_core-amd64-linux.so
--2906-- Reading syms from /usr/local/lib/valgrind/vgpreload_drd-amd64-linux.so
--2906-- REDIR: 0x401d360 (ld-linux-x86-64.so.2:strcmp) redirected to 0x4c45420 (strcmp)
--2906-- REDIR: 0x401f2f0 (ld-linux-x86-64.so.2:strlen) redirected to 0x4c446b0 (strlen)
--2906-- REDIR: 0x401f830 (ld-linux-x86-64.so.2:mempcpy) redirected to 0x4c48650 (mempcpy)
--2906-- Reading syms from /usr/local/lib/libarchive.so.13.4.2
--2906-- Reading syms from /usr/lib/x86_64-linux-gnu/libboost_filesystem.so.1.65.1
--2906--    object doesn't have a symbol table
--2906-- Reading syms from /usr/lib/x86_64-linux-gnu/libboost_system.so.1.65.1
--2906--    object doesn't have a symbol table
--2906-- Reading syms from /usr/lib/x86_64-linux-gnu/libboost_locale.so.1.65.1
--2906--    object doesn't have a symbol table
--2906-- Reading syms from /usr/lib/x86_64-linux-gnu/libstdc++.so.6.0.25
--2906--    object doesn't have a symbol table
--2906-- Reading syms from /lib/x86_64-linux-gnu/libgcc_s.so.1
--2906--    object doesn't have a symbol table
--2906-- Reading syms from /lib/x86_64-linux-gnu/libpthread-2.27.so
--2906--   Considering /usr/lib/debug/.build-id/28/c6aade70b2d40d1f0f3d0a1a0cad1ab816448f.debug ..
--2906--   .. build-id is valid
==2906== WARNING: new redirection conflicts with existing -- ignoring it
--2906--     old: 0x05dad9b0 (pthread_create@@GLIB) W-> (0000.0) 0x04c36ca0 pthread_create@*
--2906--     new: 0x05dad9b0 (pthread_create@@GLIB) W-> (0000.0) 0x04c36810 pthread_create
==2906== WARNING: new redirection conflicts with existing -- ignoring it
--2906--     old: 0x05db33c0 (pthread_cond_init@@G) W-> (0000.0) 0x04c3b060 pthread_cond_init@*
--2906--     new: 0x05db33c0 (pthread_cond_init@@G) W-> (0000.0) 0x04c3aef0 pthread_cond_init
==2906== WARNING: new redirection conflicts with existing -- ignoring it
--2906--     old: 0x05db33f0 (pthread_cond_destroy) W-> (0000.0) 0x04c3b4b0 pthread_cond_destroy@*
--2906--     new: 0x05db33f0 (pthread_cond_destroy) W-> (0000.0) 0x04c3b340 pthread_cond_destroy
==2906== WARNING: new redirection conflicts with existing -- ignoring it
--2906--     old: 0x05db37b0 (pthread_cond_wait@@G) W-> (0000.0) 0x04c3b950 pthread_cond_wait@*
--2906--     new: 0x05db37b0 (pthread_cond_wait@@G) W-> (0000.0) 0x04c3b790 pthread_cond_wait
==2906== WARNING: new redirection conflicts with existing -- ignoring it
--2906--     old: 0x05db3c50 (pthread_cond_timedwa) W-> (0000.0) 0x04c3bea0 pthread_cond_timedwait@*
--2906--     new: 0x05db3c50 (pthread_cond_timedwa) W-> (0000.0) 0x04c3bcd0 pthread_cond_timedwait
==2906== WARNING: new redirection conflicts with existing -- ignoring it
--2906--     old: 0x05db4240 (pthread_cond_signal@) W-> (0000.0) 0x04c3c3a0 pthread_cond_signal@*
--2906--     new: 0x05db4240 (pthread_cond_signal@) W-> (0000.0) 0x04c3c240 pthread_cond_signal
==2906== WARNING: new redirection conflicts with existing -- ignoring it
--2906--     old: 0x05db45a0 (pthread_cond_broadca) W-> (0000.0) 0x04c3c7c0 pthread_cond_broadcast@*
--2906--     new: 0x05db45a0 (pthread_cond_broadca) W-> (0000.0) 0x04c3c660 pthread_cond_broadcast
==2906== WARNING: new redirection conflicts with existing -- ignoring it
--2906--     old: 0x05db4940 (pthread_cond_init@GL) W-> (0000.0) 0x04c3b060 pthread_cond_init@*
--2906--     new: 0x05db4940 (pthread_cond_init@GL) W-> (0000.0) 0x04c3aef0 pthread_cond_init
==2906== WARNING: new redirection conflicts with existing -- ignoring it
--2906--     old: 0x05db4960 (pthread_cond_destroy) W-> (0000.0) 0x04c3b4b0 pthread_cond_destroy@*
--2906--     new: 0x05db4960 (pthread_cond_destroy) W-> (0000.0) 0x04c3b340 pthread_cond_destroy
==2906== WARNING: new redirection conflicts with existing -- ignoring it
--2906--     old: 0x05db4980 (pthread_cond_wait@GL) W-> (0000.0) 0x04c3b950 pthread_cond_wait@*
--2906--     new: 0x05db4980 (pthread_cond_wait@GL) W-> (0000.0) 0x04c3b790 pthread_cond_wait
==2906== WARNING: new redirection conflicts with existing -- ignoring it
--2906--     old: 0x05db4a00 (pthread_cond_timedwa) W-> (0000.0) 0x04c3bea0 pthread_cond_timedwait@*
--2906--     new: 0x05db4a00 (pthread_cond_timedwa) W-> (0000.0) 0x04c3bcd0 pthread_cond_timedwait
==2906== WARNING: new redirection conflicts with existing -- ignoring it
--2906--     old: 0x05db4a90 (pthread_cond_signal@) W-> (0000.0) 0x04c3c3a0 pthread_cond_signal@*
--2906--     new: 0x05db4a90 (pthread_cond_signal@) W-> (0000.0) 0x04c3c240 pthread_cond_signal
==2906== WARNING: new redirection conflicts with existing -- ignoring it
--2906--     old: 0x05db4b10 (pthread_cond_broadca) W-> (0000.0) 0x04c3c7c0 pthread_cond_broadcast@*
--2906--     new: 0x05db4b10 (pthread_cond_broadca) W-> (0000.0) 0x04c3c660 pthread_cond_broadcast
==2906== WARNING: new redirection conflicts with existing -- ignoring it
--2906--     old: 0x05db4c60 (pthread_spin_init   ) W-> (0000.0) 0x04c3ca80 pthread_spin_init
--2906--     new: 0x05db4c60 (pthread_spin_init   ) W-> (0000.0) 0x04c3db90 pthread_spin_unlock
==2906== WARNING: new redirection conflicts with existing -- ignoring it
--2906--     old: 0x05db5c40 (sem_init@@GLIBC_2.2.) W-> (0000.0) 0x04c3ee20 sem_init@*
--2906--     new: 0x05db5c40 (sem_init@@GLIBC_2.2.) W-> (0000.0) 0x04c3eca0 sem_init
==2906== WARNING: new redirection conflicts with existing -- ignoring it
--2906--     old: 0x05db5c80 (sem_destroy@@GLIBC_2) W-> (0000.0) 0x04c3f280 sem_destroy@*
--2906--     new: 0x05db5c80 (sem_destroy@@GLIBC_2) W-> (0000.0) 0x04c3f120 sem_destroy
==2906== WARNING: new redirection conflicts with existing -- ignoring it
--2906--     old: 0x05db6810 (sem_wait@@GLIBC_2.2.) W-> (0000.0) 0x04c3ff80 sem_wait@*
--2906--     new: 0x05db6810 (sem_wait@@GLIBC_2.2.) W-> (0000.0) 0x04c3fe10 sem_wait
==2906== WARNING: new redirection conflicts with existing -- ignoring it
--2906--     old: 0x05db6840 (sem_trywait@@GLIBC_2) W-> (0000.0) 0x04c403d0 sem_trywait@*
--2906--     new: 0x05db6840 (sem_trywait@@GLIBC_2) W-> (0000.0) 0x04c40260 sem_trywait
==2906== WARNING: new redirection conflicts with existing -- ignoring it
--2906--     old: 0x05db6a80 (sem_post@@GLIBC_2.2.) W-> (0000.0) 0x04c40c70 sem_post@*
--2906--     new: 0x05db6a80 (sem_post@@GLIBC_2.2.) W-> (0000.0) 0x04c40b00 sem_post
--2906-- Reading syms from /lib/x86_64-linux-gnu/libc-2.27.so
--2906--   Considering /lib/x86_64-linux-gnu/libc-2.27.so ..
--2906--   .. CRC mismatch (computed b1c74187 wanted 042cc048)
--2906--   Considering /usr/lib/debug/lib/x86_64-linux-gnu/libc-2.27.so ..
--2906--   .. CRC is valid
--2906-- Reading syms from /lib/x86_64-linux-gnu/libz.so.1.2.11
--2906--    object doesn't have a symbol table
--2906-- Reading syms from /usr/lib/x86_64-linux-gnu/libboost_thread.so.1.65.1
--2906--    object doesn't have a symbol table
--2906-- Reading syms from /usr/lib/x86_64-linux-gnu/libicui18n.so.60.2
--2906--    object doesn't have a symbol table
--2906-- Reading syms from /usr/lib/x86_64-linux-gnu/libicuuc.so.60.2
--2906--    object doesn't have a symbol table
--2906-- Reading syms from /lib/x86_64-linux-gnu/libm-2.27.so
--2906--   Considering /lib/x86_64-linux-gnu/libm-2.27.so ..
--2906--   .. CRC mismatch (computed 7feae033 wanted b29b2508)
--2906--   Considering /usr/lib/debug/lib/x86_64-linux-gnu/libm-2.27.so ..
--2906--   .. CRC is valid
--2906-- Reading syms from /lib/x86_64-linux-gnu/librt-2.27.so
--2906--   Considering /lib/x86_64-linux-gnu/librt-2.27.so ..
--2906--   .. CRC mismatch (computed 16979484 wanted f9e041e3)
--2906--   Considering /usr/lib/debug/lib/x86_64-linux-gnu/librt-2.27.so ..
--2906--   .. CRC is valid
--2906-- Reading syms from /usr/lib/x86_64-linux-gnu/libicudata.so.60.2
--2906--    object doesn't have a symbol table
--2906-- Reading syms from /lib/x86_64-linux-gnu/libdl-2.27.so
--2906--   Considering /lib/x86_64-linux-gnu/libdl-2.27.so ..
--2906--   .. CRC mismatch (computed bd82fa02 wanted d1fdccc9)
--2906--   Considering /usr/lib/debug/lib/x86_64-linux-gnu/libdl-2.27.so ..
--2906--   .. CRC is valid
--2906-- REDIR: 0x6063c70 (libc.so.6:memmove) redirected to 0x4a2a6de (_vgnU_ifunc_wrapper)
--2906-- REDIR: 0x6062d40 (libc.so.6:strncpy) redirected to 0x4a2a6de (_vgnU_ifunc_wrapper)
--2906-- REDIR: 0x6063f50 (libc.so.6:strcasecmp) redirected to 0x4a2a6de (_vgnU_ifunc_wrapper)
--2906-- REDIR: 0x6062790 (libc.so.6:strcat) redirected to 0x4a2a6de (_vgnU_ifunc_wrapper)
--2906-- REDIR: 0x6062d70 (libc.so.6:rindex) redirected to 0x4a2a6de (_vgnU_ifunc_wrapper)
--2906-- REDIR: 0x60657c0 (libc.so.6:rawmemchr) redirected to 0x4a2a6de (_vgnU_ifunc_wrapper)
--2906-- REDIR: 0x6082410 (libc.so.6:wmemchr) redirected to 0x4a2a6de (_vgnU_ifunc_wrapper)
--2906-- REDIR: 0x6063de0 (libc.so.6:mempcpy) redirected to 0x4a2a6de (_vgnU_ifunc_wrapper)
--2906-- REDIR: 0x6063c10 (libc.so.6:bcmp) redirected to 0x4a2a6de (_vgnU_ifunc_wrapper)
--2906-- REDIR: 0x6062d00 (libc.so.6:strncmp) redirected to 0x4a2a6de (_vgnU_ifunc_wrapper)
--2906-- REDIR: 0x6062800 (libc.so.6:strcmp) redirected to 0x4a2a6de (_vgnU_ifunc_wrapper)
--2906-- REDIR: 0x6063d40 (libc.so.6:memset) redirected to 0x4a2a6de (_vgnU_ifunc_wrapper)
--2906-- REDIR: 0x60810f0 (libc.so.6:wcschr) redirected to 0x4a2a6de (_vgnU_ifunc_wrapper)
--2906-- REDIR: 0x6062ca0 (libc.so.6:strnlen) redirected to 0x4a2a6de (_vgnU_ifunc_wrapper)
--2906-- REDIR: 0x6062870 (libc.so.6:strcspn) redirected to 0x4a2a6de (_vgnU_ifunc_wrapper)
--2906-- REDIR: 0x6063fa0 (libc.so.6:strncasecmp) redirected to 0x4a2a6de (_vgnU_ifunc_wrapper)
--2906-- REDIR: 0x6062840 (libc.so.6:strcpy) redirected to 0x4a2a6de (_vgnU_ifunc_wrapper)
--2906-- REDIR: 0x60640e0 (libc.so.6:memcpy@@GLIBC_2.14) redirected to 0x4a2a6de (_vgnU_ifunc_wrapper)
--2906-- REDIR: 0x60836c0 (libc.so.6:wcsnlen) redirected to 0x4a2a6de (_vgnU_ifunc_wrapper)
--2906-- REDIR: 0x6062da0 (libc.so.6:strpbrk) redirected to 0x4a2a6de (_vgnU_ifunc_wrapper)
--2906-- REDIR: 0x60627c0 (libc.so.6:index) redirected to 0x4a2a6de (_vgnU_ifunc_wrapper)
--2906-- REDIR: 0x6062c70 (libc.so.6:strlen) redirected to 0x4a2a6de (_vgnU_ifunc_wrapper)
--2906-- REDIR: 0x606d6c0 (libc.so.6:memrchr) redirected to 0x4a2a6de (_vgnU_ifunc_wrapper)
--2906-- REDIR: 0x6063ff0 (libc.so.6:strcasecmp_l) redirected to 0x4a2a6de (_vgnU_ifunc_wrapper)
--2906-- REDIR: 0x6063be0 (libc.so.6:memchr) redirected to 0x4a2a6de (_vgnU_ifunc_wrapper)
--2906-- REDIR: 0x6081eb0 (libc.so.6:wcslen) redirected to 0x4a2a6de (_vgnU_ifunc_wrapper)
--2906-- REDIR: 0x6063050 (libc.so.6:strspn) redirected to 0x4a2a6de (_vgnU_ifunc_wrapper)
--2906-- REDIR: 0x6063f20 (libc.so.6:stpncpy) redirected to 0x4a2a6de (_vgnU_ifunc_wrapper)
--2906-- REDIR: 0x6063ef0 (libc.so.6:stpcpy) redirected to 0x4a2a6de (_vgnU_ifunc_wrapper)
--2906-- REDIR: 0x60657f0 (libc.so.6:strchrnul) redirected to 0x4a2a6de (_vgnU_ifunc_wrapper)
--2906-- REDIR: 0x6064040 (libc.so.6:strncasecmp_l) redirected to 0x4a2a6de (_vgnU_ifunc_wrapper)
--2906-- REDIR: 0x6063b20 (libc.so.6:strstr) redirected to 0x4a2a6de (_vgnU_ifunc_wrapper)
--2906-- REDIR: 0x6062cd0 (libc.so.6:strncat) redirected to 0x4a2a6de (_vgnU_ifunc_wrapper)
--2906-- REDIR: 0x60f6970 (libc.so.6:__memmove_chk) redirected to 0x4a2a6de (_vgnU_ifunc_wrapper)
--2906-- REDIR: 0x60f68a0 (libc.so.6:__memcpy_chk) redirected to 0x4a2a6de (_vgnU_ifunc_wrapper)
==2906== WARNING: new redirection conflicts with existing -- ignoring it
--2906--     old: 0x06153ac0 (__memcpy_chk_avx_una) R-> (2024.0) 0x04c48340 __memmove_chk
--2906--     new: 0x06153ac0 (__memcpy_chk_avx_una) R-> (2030.0) 0x04c486b0 __memcpy_chk
==2906== WARNING: new redirection conflicts with existing -- ignoring it
--2906--     old: 0x06153ac0 (__memcpy_chk_avx_una) R-> (2024.0) 0x04c48340 __memmove_chk
--2906--     new: 0x06153ac0 (__memcpy_chk_avx_una) R-> (2030.0) 0x04c486b0 __memcpy_chk
--2906-- REDIR: 0x61533c0 (libc.so.6:__strrchr_avx2) redirected to 0x4c44260 (rindex)
--2906-- REDIR: 0x5897ed0 (libstdc++.so.6:__cxa_guard_acquire) redirected to 0x4c35fa0 (__cxa_guard_acquire)
--2906-- REDIR: 0x5898050 (libstdc++.so.6:__cxa_guard_release) redirected to 0x4c36440 (__cxa_guard_release)
--2906-- REDIR: 0x605c070 (libc.so.6:malloc) redirected to 0x4c3324d (malloc)
--2906-- REDIR: 0x5898280 (libstdc++.so.6:operator new(unsigned long)) redirected to 0x4c338ac (operator new(unsigned long))
--2906-- REDIR: 0x5db58d0 (libpthread.so.0:pthread_once) redirected to 0x4c384f0 (pthread_once)
--2906-- REDIR: 0x6153590 (libc.so.6:__strlen_avx2) redirected to 0x4c445f0 (strlen)
--2906-- REDIR: 0x614fba0 (libc.so.6:__memcmp_avx2_movbe) redirected to 0x4c47460 (bcmp)
--2906-- REDIR: 0x612ed60 (libc.so.6:__strcmp_ssse3) redirected to 0x4c452e0 (strcmp)
--2906-- REDIR: 0x605c950 (libc.so.6:free) redirected to 0x4c343fa (free)
--2906-- REDIR: 0x5daffa0 (libpthread.so.0:pthread_mutex_lock) redirected to 0x4c39960 (pthread_mutex_lock)
--2906-- REDIR: 0x5db17a0 (libpthread.so.0:pthread_mutex_unlock) redirected to 0x4c3a9b0 (pthread_mutex_unlock)
--2906-- REDIR: 0x614a510 (libc.so.6:__strncmp_sse42) redirected to 0x4c44ab0 (__strncmp_sse42)
--2906-- REDIR: 0x6152fa0 (libc.so.6:__strchr_avx2) redirected to 0x4c44480 (index)
--2906-- REDIR: 0x6142100 (libc.so.6:__strncpy_ssse3) redirected to 0x4c44730 (strncpy)
--2906-- REDIR: 0x6140950 (libc.so.6:__strcpy_ssse3) redirected to 0x4c446d0 (strcpy)
--2906-- REDIR: 0x60f6c70 (libc.so.6:__strcpy_chk) redirected to 0x4c48430 (__strcpy_chk)
--2906-- REDIR: 0x6153ad0 (libc.so.6:__memcpy_avx_unaligned_erms) redirected to 0x4c47870 (memmove)
--2906-- REDIR: 0x5896390 (libstdc++.so.6:operator delete(void*)) redirected to 0x4c348ca (operator delete(void*))
--2906-- REDIR: 0x5daf780 (libpthread.so.0:pthread_mutex_init) redirected to 0x4c38e80 (pthread_mutex_init)
--2906-- REDIR: 0x58963a0 (libstdc++.so.6:operator delete(void*, unsigned long)) redirected to 0x4c34a98 (operator delete(void*, unsigned long))
--2906-- REDIR: 0x6063590 (libc.so.6:__GI_strstr) redirected to 0x4c487b0 (__strstr_sse2)
--2906-- REDIR: 0x5898330 (libstdc++.so.6:operator new[](unsigned long)) redirected to 0x4c33f99 (operator new[](unsigned long))
--2906-- REDIR: 0x614f420 (libc.so.6:__memchr_avx2) redirected to 0x4c454c0 (memchr)
--2906-- REDIR: 0x5db4240 (libpthread.so.0:pthread_cond_signal@@GLIBC_2.3.2) redirected to 0x4c3c3a0 (pthread_cond_signal@*)
--2906-- REDIR: 0x58963c0 (libstdc++.so.6:operator delete[](void*)) redirected to 0x4c34f68 (operator delete[](void*))
--2906-- REDIR: 0x5dad9b0 (libpthread.so.0:pthread_create@@GLIBC_2.2.5) redirected to 0x4c36ca0 (pthread_create@*)
--2906-- REDIR: 0x5db4940 (libpthread.so.0:pthread_cond_init@GLIBC_2.2.5) redirected to 0x4c3b060 (pthread_cond_init@*)
--2906-- REDIR: 0x605f030 (libc.so.6:calloc) redirected to 0x4c35484 (calloc)
--2906-- REDIR: 0x5db4980 (libpthread.so.0:pthread_cond_wait@GLIBC_2.2.5) redirected to 0x4c3b950 (pthread_cond_wait@*)
--2906-- REDIR: 0x5db37b0 (libpthread.so.0:pthread_cond_wait@@GLIBC_2.3.2) redirected to 0x4c3b950 (pthread_cond_wait@*)
--2906-- REDIR: 0x5db4a90 (libpthread.so.0:pthread_cond_signal@GLIBC_2.2.5) redirected to 0x4c3c3a0 (pthread_cond_signal@*)
--2906-- REDIR: 0x605dc30 (libc.so.6:realloc) redirected to 0x4c3567d (realloc)
--2906-- REDIR: 0x61546a0 (libc.so.6:__wcschr_avx2) redirected to 0x4c48c90 (wcschr)
--2906-- REDIR: 0x6154ac0 (libc.so.6:__wcslen_avx2) redirected to 0x4c48b20 (wcslen)
--2906-- REDIR: 0x6153f50 (libc.so.6:__memset_avx2_unaligned_erms) redirected to 0x4c47760 (memset)
--2906-- REDIR: 0x5db45a0 (libpthread.so.0:pthread_cond_broadcast@@GLIBC_2.3.2) redirected to 0x4c3c7c0 (pthread_cond_broadcast@*)
--2906-- REDIR: 0x6153ac0 (libc.so.6:__memcpy_chk_avx_unaligned_erms) redirected to 0x4c48340 (__memmove_chk)
--2906-- REDIR: 0x5daf940 (libpthread.so.0:pthread_mutex_destroy) redirected to 0x4c39480 (pthread_mutex_destroy)
--2906-- REDIR: 0x5db4960 (libpthread.so.0:pthread_cond_destroy@GLIBC_2.2.5) redirected to 0x4c3b4b0 (pthread_cond_destroy@*)
--2906-- REDIR: 0x6153ab0 (libc.so.6:__mempcpy_avx_unaligned_erms) redirected to 0x4c484d0 (mempcpy)
--2906-- REDIR: 0x5daeb50 (libpthread.so.0:pthread_join) redirected to 0x4c375c0 (pthread_join)
--2906-- REDIR: 0x5db33f0 (libpthread.so.0:pthread_cond_destroy@@GLIBC_2.3.2) redirected to 0x4c3b4b0 (pthread_cond_destroy@*)
==2906== not a condition variable: cond 0x1ffefff658
==2906==    at 0x4C3B5F4: pthread_cond_destroy_intercept (drd_pthread_intercepts.c:1063)
==2906==    by 0x4C3B5F4: pthread_cond_destroy@* (drd_pthread_intercepts.c:1073)
==2906==    by 0x11444F: thsafe_q<std::unordered_map<std::__cxx11::basic_string<char, std::char_traits<char>, std::allocator<char> >, int, std::hash<std::__cxx11::basic_string<char, std::char_traits<char>, std::allocator<char> > >, std::equal_to<std::__cxx11::basic_string<char, std::char_traits<char>, std::allocator<char> > >, std::allocator<std::pair<std::__cxx11::basic_string<char, std::char_traits<char>, std::allocator<char> > const, int> > > >::~thsafe_q() (in /home/effortless/CLionProjects/acs tbb/burda_acs_words_2/acs_words_2/a.out)
==2906==    by 0x110269: main (in /home/effortless/CLionProjects/acs tbb/burda_acs_words_2/acs_words_2/a.out)
==2906== 
==2906== not a condition variable: cond 0x1ffefff568
==2906==    at 0x4C3B5F4: pthread_cond_destroy_intercept (drd_pthread_intercepts.c:1063)
==2906==    by 0x4C3B5F4: pthread_cond_destroy@* (drd_pthread_intercepts.c:1073)
==2906==    by 0x1143A5: thsafe_q<std::__cxx11::basic_string<char, std::char_traits<char>, std::allocator<char> > >::~thsafe_q() (in /home/effortless/CLionProjects/acs tbb/burda_acs_words_2/acs_words_2/a.out)
==2906==    by 0x110278: main (in /home/effortless/CLionProjects/acs tbb/burda_acs_words_2/acs_words_2/a.out)
==2906== 
==2906== not a condition variable: cond 0x1ffefff478
==2906==    at 0x4C3B5F4: pthread_cond_destroy_intercept (drd_pthread_intercepts.c:1063)
==2906==    by 0x4C3B5F4: pthread_cond_destroy@* (drd_pthread_intercepts.c:1073)
==2906==    by 0x1142FB: thsafe_q<boost::filesystem::path>::~thsafe_q() (in /home/effortless/CLionProjects/acs tbb/burda_acs_words_2/acs_words_2/a.out)
==2906==    by 0x110287: main (in /home/effortless/CLionProjects/acs tbb/burda_acs_words_2/acs_words_2/a.out)
==2906== 
==2906== 
==2906== ERROR SUMMARY: 3 errors from 3 contexts (suppressed: 490 from 176)
==2906== 
==2906== 1 errors in context 1 of 3:
==2906== not a condition variable: cond 0x1ffefff478
==2906==    at 0x4C3B5F4: pthread_cond_destroy_intercept (drd_pthread_intercepts.c:1063)
==2906==    by 0x4C3B5F4: pthread_cond_destroy@* (drd_pthread_intercepts.c:1073)
==2906==    by 0x1142FB: thsafe_q<boost::filesystem::path>::~thsafe_q() (in /home/effortless/CLionProjects/acs tbb/burda_acs_words_2/acs_words_2/a.out)
==2906==    by 0x110287: main (in /home/effortless/CLionProjects/acs tbb/burda_acs_words_2/acs_words_2/a.out)
==2906== 
==2906== 
==2906== 1 errors in context 2 of 3:
==2906== not a condition variable: cond 0x1ffefff568
==2906==    at 0x4C3B5F4: pthread_cond_destroy_intercept (drd_pthread_intercepts.c:1063)
==2906==    by 0x4C3B5F4: pthread_cond_destroy@* (drd_pthread_intercepts.c:1073)
==2906==    by 0x1143A5: thsafe_q<std::__cxx11::basic_string<char, std::char_traits<char>, std::allocator<char> > >::~thsafe_q() (in /home/effortless/CLionProjects/acs tbb/burda_acs_words_2/acs_words_2/a.out)
==2906==    by 0x110278: main (in /home/effortless/CLionProjects/acs tbb/burda_acs_words_2/acs_words_2/a.out)
==2906== 
==2906== 
==2906== 1 errors in context 3 of 3:
==2906== not a condition variable: cond 0x1ffefff658
==2906==    at 0x4C3B5F4: pthread_cond_destroy_intercept (drd_pthread_intercepts.c:1063)
==2906==    by 0x4C3B5F4: pthread_cond_destroy@* (drd_pthread_intercepts.c:1073)
==2906==    by 0x11444F: thsafe_q<std::unordered_map<std::__cxx11::basic_string<char, std::char_traits<char>, std::allocator<char> >, int, std::hash<std::__cxx11::basic_string<char, std::char_traits<char>, std::allocator<char> > >, std::equal_to<std::__cxx11::basic_string<char, std::char_traits<char>, std::allocator<char> > >, std::allocator<std::pair<std::__cxx11::basic_string<char, std::char_traits<char>, std::allocator<char> > const, int> > > >::~thsafe_q() (in /home/effortless/CLionProjects/acs tbb/burda_acs_words_2/acs_words_2/a.out)
==2906==    by 0x110269: main (in /home/effortless/CLionProjects/acs tbb/burda_acs_words_2/acs_words_2/a.out)
==2906== 
--2906-- 
--2906-- used_suppression:    346 drd-ld /usr/local/lib/valgrind/default.supp:584
--2906-- used_suppression:      7 drd-libpthread-pthread_create /usr/local/lib/valgrind/default.supp:657
--2906-- used_suppression:    137 drd-libc-stdio /usr/local/lib/valgrind/default.supp:600
==2906== 
==2906== ERROR SUMMARY: 3 errors from 3 contexts (suppressed: 490 from 176)
